app/seeds.txt
com.tumbasgo.customer.model.Times: java.lang.String mResponseCode
com.tumbasgo.customer.activity.ProfileActivity_ViewBinding
com.tumbasgo.customer.model.Area: java.lang.String responseMsg
com.tumbasgo.customer.model.Address: java.lang.String pincode
com.tumbasgo.customer.model.CCode
com.tumbasgo.customer.model.Category: java.util.List mData
com.tumbasgo.customer.model.Price: java.lang.String mProductPrice
com.tumbasgo.customer.fragment.AddressFragment_ViewBinding: AddressFragment_ViewBinding(com.tumbasgo.customer.fragment.AddressFragment,android.view.View)
com.tumbasgo.customer.model.User
com.tumbasgo.customer.model.Address
com.tumbasgo.customer.fragment.MyOrderFragment_ViewBinding: MyOrderFragment_ViewBinding(com.tumbasgo.customer.fragment.MyOrderFragment,android.view.View)
com.tumbasgo.customer.model.Area: java.util.List data
com.tumbasgo.customer.model.Product: java.util.List mData
com.tumbasgo.customer.activity.BaseActivity: BaseActivity()
com.tumbasgo.customer.model.CCode: java.lang.String mCcode
com.tumbasgo.customer.activity.ItemDetailsActivity
com.tumbasgo.customer.model.Times: java.util.List mData
com.tumbasgo.customer.model.BannerItem: java.lang.String mId
com.tumbasgo.customer.activity.SelectAreaActivity
com.tumbasgo.customer.model.Payment: java.util.List mData
com.tumbasgo.customer.activity.PopRatesActivity: PopRatesActivity()
com.tumbasgo.customer.activity.NotificationDetailsActivity: NotificationDetailsActivity()
com.tumbasgo.customer.activity.CoupunActivity_ViewBinding: CoupunActivity_ViewBinding(com.tumbasgo.customer.activity.CoupunActivity,android.view.View)
com.tumbasgo.customer.activity.RazerpayActivity: void onPaymentSuccess(java.lang.String)
com.tumbasgo.customer.utils.AutoScrollViewPager: void setBorderAnimation(boolean)
com.tumbasgo.customer.model.Home: java.lang.String mResponseMsg
com.tumbasgo.customer.model.SubcatItem: java.lang.String count
com.tumbasgo.customer.utils.AutoScrollViewPager: void setSlideBorderMode(int)
com.tumbasgo.customer.model.Noti: java.lang.String date
com.tumbasgo.customer.model.Category: java.lang.String mResponseCode
com.tumbasgo.customer.model.Address: java.lang.String landmark
com.tumbasgo.customer.model.Order: java.lang.String mResponseMsg
com.tumbasgo.customer.fragment.CardFragment_ViewBinding
com.tumbasgo.customer.model.CCode: java.lang.String mStatus
com.tumbasgo.customer.model.MyOrder: java.lang.String customerName
com.tumbasgo.customer.model.MyOrder: java.util.List mProductinfo
com.tumbasgo.customer.model.CatItem: java.lang.String mId
com.tumbasgo.customer.model.Category: java.lang.String mResponseMsg
com.tumbasgo.customer.model.ProductItem: java.lang.String mId
com.tumbasgo.customer.fragment.HomeFragment_ViewBinding
com.tumbasgo.customer.fragment.ItemListFragment_ViewBinding: ItemListFragment_ViewBinding(com.tumbasgo.customer.fragment.ItemListFragment,android.view.View)
com.tumbasgo.customer.model.ProductItem: java.lang.String mProductImage
com.tumbasgo.customer.model.ProductItem: int mDiscount
com.tumbasgo.customer.fragment.PlaceOrderFragment_ViewBinding: PlaceOrderFragment_ViewBinding(com.tumbasgo.customer.fragment.PlaceOrderFragment,android.view.View)
com.tumbasgo.customer.model.AddressData: java.lang.String mResponseMsg
com.tumbasgo.customer.model.AreaD
com.tumbasgo.customer.model.Order
com.tumbasgo.customer.model.Productinfo: java.lang.String mProductName
com.tumbasgo.customer.model.Address: java.lang.String name
com.tumbasgo.customer.model.User: java.lang.String hno
com.tumbasgo.customer.model.TimeDatum
com.tumbasgo.customer.activity.RazerpayActivity
com.tumbasgo.customer.model.Couponlist: java.lang.String mCValue
com.tumbasgo.customer.activity.LoginActivity: LoginActivity()
com.tumbasgo.customer.model.DynamicData: java.util.List dynamicItems
com.tumbasgo.customer.model.Home
com.tumbasgo.customer.activity.FeedBackActivity_ViewBinding
com.tumbasgo.customer.model.Times: java.lang.String mResponseMsg
...
com.merhold.extensiblepageindicator.R$styleable: int SwitchCompat_splitTrack
androidx.recyclerview.R$dimen: int notification_action_text_size
com.merhold.extensiblepageindicator.R$styleable: int AppCompatTheme_textColorAlertDialogListItem
com.google.android.material.R$style: int Base_Widget_MaterialComponents_Chip
androidx.appcompat.widget.ActionBarOverlayLayout: void setHasNonEmbeddedTabs(boolean)
com.razorpay.AnalyticsConstants: java.lang.String GOOGLEPAY_SOURCE
androidx.appcompat.widget.SearchView: void setImeOptions(int)
com.merhold.extensiblepageindicator.R$styleable: int MenuItem_alphabeticModifiers
com.google.android.material.R$dimen: int abc_cascading_menus_min_smallest_width
com.google.android.material.R$attr: int bottomNavigationStyle
com.razorpay.c__C_$3: java.lang.String G__G_
com.razorpay.R$id: int rzp_outerbox
com.google.android.datatransport.cct.CctBackendFactory
com.razorpay.R$style: int CheckoutTheme
com.google.android.material.R$styleable: int BottomAppBar_hideOnScroll
com.razorpay.R$style: int Base_Theme_AppCompat_Light_Dialog_Alert
com.google.android.material.appbar.AppBarLayout: int getDownNestedScrollRange()
com.onesignal.R$id: int browser_actions_menu_item_text
androidx.appcompat.widget.AppCompatImageButton: void setImageDrawable(android.graphics.drawable.Drawable)
com.google.android.material.R$attr: int actionViewClass
androidx.appcompat.R$styleable: int AppCompatTheme_actionBarTabStyle
com.google.android.material.textfield.TextInputLayout: void setEndIconContentDescription(int)
com.google.android.material.R$attr: int fontWeight
com.google.android.material.R$styleable: int CompoundButton_android_button
androidx.appcompat.R$styleable: int[] AppCompatTheme
io.card.payment.CardIOActivity: java.lang.String EXTRA_REQUIRE_CVV
androidx.core.R$id: int icon_group
com.merhold.extensiblepageindicator.R$styleable: int MenuItem_android_checked
com.google.android.material.R$attr: int collapseIcon
com.razorpay.R$styleable: int AppCompatTheme_colorButtonNormal
com.razorpay.Y$_o$: void onError(org.json.JSONObject)
com.google.android.material.button.MaterialButton: android.graphics.PorterDuff$Mode getSupportBackgroundTintMode()
com.google.android.gms.internal.measurement.zzc: boolean onTransact(int,android.os.Parcel,android.os.Parcel,int)
com.razorpay.R$drawable: int abc_ic_star_black_16dp
com.razorpay.R$dimen: int abc_edit_text_inset_bottom_material
androidx.appcompat.R$style: int Base_Theme_AppCompat_Light_DarkActionBar
com.google.android.material.R$styleable: int AppCompatTheme_windowFixedHeightMinor
com.google.android.material.R$color: int dim_foreground_material_dark
com.razorpay.R$dimen: int compat_control_corner_material
com.google.android.material.R$styleable: int AppCompatTheme_tooltipFrameBackground
androidx.appcompat.R$styleable: int AnimatedStateListDrawableTransition_android_fromId
com.onesignal.WebViewManager$OSJavaScriptInterface
com.razorpay.R$styleable: int Toolbar_subtitle
com.onesignal.JobIntentService$JobServiceEngineImpl: com.onesignal.JobIntentService mService
androidx.cardview.R$styleable: int CardView_contentPaddingRight
com.razorpay.PluginOtpElfCheckoutPresenterImpl: void passPrefillToSegment()
com.google.android.material.R$attr: int iconStartPadding
com.google.android.material.R$attr: int cardElevation
com.google.android.material.R$styleable: int NavigationView_itemShapeAppearance
com.merhold.extensiblepageindicator.R$styleable: int LinearLayoutCompat_Layout_android_layout_gravity
com.kofigyan.stateprogressbar.R$color: int material_deep_teal_200
com.google.android.material.R$styleable: int AppCompatSeekBar_tickMark
com.google.android.material.R$color: int primary_material_dark
com.google.android.material.R$styleable: int ViewStubCompat_android_inflatedId
com.razorpay.AnalyticsUtil: java.lang.String getBuildType()
androidx.appcompat.R$attr: int subtitleTextAppearance
com.google.android.material.R$style: int Theme_Design_Light