app/unused.txt
com.tumbasgo.customer.R$attr
com.tumbasgo.customer.activity.CoupunActivity_ViewBinding:
    public void <init>(com.tumbasgo.customer.activity.CoupunActivity)
com.tumbasgo.customer.R$layout
com.tumbasgo.customer.utils.FileCache
com.tumbasgo.customer.model.SubCategory:
    public void setData(java.util.List)
    public java.lang.String getResponseCode()
    public void setResponseCode(java.lang.String)
    public void setResponseMsg(java.lang.String)
    public void setResult(java.lang.String)
com.tumbasgo.customer.model.CCode:
    public void setCcode(java.lang.String)
    public java.lang.String getId()
    public void setId(java.lang.String)
    public void setStatus(java.lang.String)
com.tumbasgo.customer.adepter.CategoryAdp$RecyclerTouchListener:
    public abstract void onLongClickItem(android.view.View,int)
com.tumbasgo.customer.model.Couponlist:
    public void setCDesc(java.lang.String)
    public void setCImg(java.lang.String)
    public java.lang.String getCTMode()
    public void setCTMode(java.lang.String)
    public void setCouponCode(java.lang.String)
    public java.lang.String getCType()
    public void setCType(java.lang.String)
    public void setCValue(java.lang.String)
    public java.lang.String getCdate()
    public void setCdate(java.lang.String)
    public void setId(java.lang.String)
    public void setMinAmt(int)
    public java.lang.String getNUse()
    public void setNUse(java.lang.String)
    public void setCouponTitle(java.lang.String)
com.tumbasgo.customer.fragment.AddressFragment:
    public static com.tumbasgo.customer.fragment.AddressFragment newInstance()
com.tumbasgo.customer.R$menu
com.tumbasgo.customer.R$id
com.tumbasgo.customer.activity.ChanegPasswordActivity_ViewBinding:
    public void <init>(com.tumbasgo.customer.activity.ChanegPasswordActivity)
com.tumbasgo.customer.R$integer
com.tumbasgo.customer.R$bool
com.tumbasgo.customer.fragment.HomeFragment:
    public void onLongClickItem(android.view.View,int)
com.tumbasgo.customer.R$style
com.tumbasgo.customer.retrofit.UserService:
    public abstract retrofit2.Call getStatus(com.google.gson.JsonObject)
    public abstract retrofit2.Call getNotiSet(com.google.gson.JsonObject)
com.tumbasgo.customer.activity.TramsAndConditionActivity_ViewBinding:
    public void <init>(com.tumbasgo.customer.activity.TramsAndConditionActivity)
com.tumbasgo.customer.activity.RatesActivity_ViewBinding:
    public void <init>(com.tumbasgo.customer.activity.RatesActivity)
com.tumbasgo.customer.database.MyCart:
    public java.lang.String getId()
com.tumbasgo.customer.model.User:
    public java.lang.String getImei()
    public void setImei(java.lang.String)
    public java.lang.String getLandmark()
    public void setLandmark(java.lang.String)
    public java.lang.String getPincode()
    public void setPincode(java.lang.String)
    public void setArea(java.lang.String)
    public void setSociety(java.lang.String)
    public void setHno(java.lang.String)
    public java.lang.String getStatus()
    public void setStatus(java.lang.String)
    public java.lang.String getRdate()
    public void setRdate(java.lang.String)
    public java.lang.String getPin()
    public void setPin(java.lang.String)
com.tumbasgo.customer.model.Coupon:
    public void setCouponlist(java.util.List)
    public java.lang.String getResponseCode()
    public void setResponseCode(java.lang.String)
    public java.lang.String getResponseMsg()
    public void setResponseMsg(java.lang.String)
    public void setResult(java.lang.String)
com.tumbasgo.customer.R$plurals
com.tumbasgo.customer.R$color
...
com.google.android.gms.internal.measurement.zzhr:
    public final boolean zze
androidx.fragment.app.FragmentManagerImpl$5:
    public final synthetic androidx.fragment.app.FragmentManagerImpl this$0
androidx.transition.PathProperty
com.google.android.gms.tasks.Task:
    public abstract boolean isCanceled()
    public abstract java.lang.Object getResult(java.lang.Class)
    public abstract com.google.android.gms.tasks.Task addOnFailureListener(com.google.android.gms.tasks.OnFailureListener)
    public com.google.android.gms.tasks.Task addOnCompleteListener(com.google.android.gms.tasks.OnCompleteListener)
    public com.google.android.gms.tasks.Task continueWithTask(com.google.android.gms.tasks.Continuation)
    public com.google.android.gms.tasks.Task onSuccessTask(java.util.concurrent.Executor,com.google.android.gms.tasks.SuccessContinuation)
com.google.android.gms.tasks.zzc:
    public static synthetic com.google.android.gms.tasks.zzu zza(com.google.android.gms.tasks.zzc)
    public static synthetic com.google.android.gms.tasks.Continuation zzb(com.google.android.gms.tasks.zzc)
com.google.android.material.internal.CheckableImageButton$SavedState:
    public final void readFromParcel(android.os.Parcel)
com.google.firebase.iid.IMessengerCompat:
    public abstract void send(android.os.Message)
com.google.android.datatransport.runtime.Destination
androidx.appcompat.app.AppCompatDelegateImpl$1:
    public final boolean shouldWrapException(java.lang.Throwable)
com.onesignal.NotificationOpenedProcessor:
    public void <init>()
    public static boolean isOneSignalIntent(android.content.Intent)
    public static void handleDismissFromActionButtonPress(android.content.Context,android.content.Intent)
    public static boolean handleIAMPreviewOpen(android.content.Context,org.json.JSONObject)
    public static void clearStatusBarNotifications(android.content.Context,android.database.sqlite.SQLiteDatabase,java.lang.String)
    public static android.content.ContentValues newContentValuesWithConsumed(android.content.Intent)
    public static void <clinit>()
    public static final java.lang.String TAG
com.bumptech.glide.util.Util:
    public static java.lang.String bytesToHex(byte[],char[])
    public static int getBytesPerPixel(android.graphics.Bitmap$Config)
    public static boolean isValidDimension(int)
    public static int hashCode(int,int)
    public static int hashCode(float,int)
    public static int hashCode(boolean,int)
io.card.payment.i18n.locales.LocalizedStringsEN_AU:
    public java.lang.String getAdaptedDisplay(io.card.payment.i18n.StringKey,java.lang.String)
com.google.android.datatransport.runtime.TransportContext:
    public abstract java.lang.String getBackendName()
    public abstract byte[] getExtras()
    public abstract com.google.android.datatransport.Priority getPriority()
    public com.google.android.datatransport.runtime.TransportContext withPriority(com.google.android.datatransport.Priority)
com.google.firebase.iid.FirebaseInstanceId$$Lambda$4
retrofit2.Utils:
    public static int indexOf(java.lang.Object[],java.lang.Object)
    public static java.lang.reflect.Type resolveTypeVariable(java.lang.reflect.Type,java.lang.Class,java.lang.reflect.TypeVariable)
    public static java.lang.Class declaringClassOf(java.lang.reflect.TypeVariable)
    public static void validateServiceInterface(java.lang.Class)
    public static java.lang.reflect.Type getParameterLowerBound(int,java.lang.reflect.ParameterizedType)
com.google.android.gms.internal.measurement.zzcd$zzd$zza:
    public void <init>()
    public final com.google.android.gms.internal.measurement.zzcd$zzd$zza zza(java.lang.String)
    public final com.google.android.gms.internal.measurement.zzcd$zzd$zza zza(long)
io.card.payment.CardType:
    public static boolean isNumberInInterval(java.lang.String,java.lang.String,java.lang.String)
    public static java.util.HashMap getIntervalLookup()